<?xml version="1.0" encoding="UTF-8"?>
<Site BuildName="(empty)"
	BuildStamp="20260421-2207-Experimental"
	Name="(empty)"
	Generator="ctest-4.3.1"
	CompilerName=""
	CompilerVersion=""
	OSName="Windows"
	Hostname="DESKTOP-O9TR4UF"
	OSRelease="10.0.26200"
	OSVersion="Windows 10"
	OSPlatform="AMD64"
	Is64Bits="1"
	VendorString="GenuineIntel"
	VendorID="Intel Corporation"
	FamilyID="6"
	ModelID="14"
	ModelName=""
	ProcessorCacheSize="-1"
	NumberOfLogicalCPU="8"
	NumberOfPhysicalCPU="4"
	TotalVirtualMemory="9382"
	TotalPhysicalMemory="16198"
	LogicalProcessorsPerPhysical="2"
	ProcessorClockFrequency="1896.000000"
	>
	<Testing>
		<StartDateTime>Apr 23 01:08 Pakistan Standard Time</StartDateTime>
		<StartTestTime>1776888505</StartTestTime>
		<TestList/>
		<EndDateTime>Apr 23 01:08 Pakistan Standard Time</EndDateTime>
		<EndTestTime>1776888505</EndTestTime>
		<ElapsedMinutes>0</ElapsedMinutes>
	</Testing>
</Site>
